<?xml version="1.0" encoding="UTF-8"?>
<testng-results ignored="0" total="2" passed="2" failed="0" skipped="0">
  <reporter-output>
  </reporter-output>
  <suite started-at="2021-06-25T23:06:45 EDT" name="Default suite" finished-at="2021-06-25T23:06:58 EDT" duration-ms="12847">
    <groups>
    </groups>
    <test started-at="2021-06-25T23:06:45 EDT" name="Default test" finished-at="2021-06-25T23:06:58 EDT" duration-ms="12847">
      <class name="testing.secondclass">
        <test-method is-config="true" signature="setUpClass()[pri:0, instance:testing.secondclass@4da4253]" started-at="2021-06-25T23:06:45 EDT" name="setUpClass" finished-at="2021-06-25T23:06:45 EDT" duration-ms="7" status="PASS">
          <reporter-output>
          </reporter-output>
        </test-method> <!-- setUpClass -->
        <test-method signature="buttons()[pri:0, instance:testing.secondclass@4da4253]" started-at="2021-06-25T23:06:45 EDT" name="buttons" finished-at="2021-06-25T23:06:52 EDT" duration-ms="6532" status="PASS">
          <reporter-output>
          </reporter-output>
        </test-method> <!-- buttons -->
        <test-method signature="imagess()[pri:0, instance:testing.secondclass@4da4253]" started-at="2021-06-25T23:06:52 EDT" name="imagess" finished-at="2021-06-25T23:06:58 EDT" duration-ms="6269" status="PASS">
          <reporter-output>
          </reporter-output>
        </test-method> <!-- imagess -->
      </class> <!-- testing.secondclass -->
    </test> <!-- Default test -->
  </suite> <!-- Default suite -->
</testng-results>
